<?xml version="1.0" encoding="UTF-8"?>
<testsuite name="SpaceAgeTest" tests="1" skipped="0" failures="0" errors="0" timestamp="2020-11-22T23:32:13" hostname="LAPTOP-3HH76HUU" time="0.004">
  <properties/>
  <testcase name="ageOnMercury" classname="SpaceAgeTest" time="0.004"/>
  <system-out><![CDATA[]]></system-out>
  <system-err><![CDATA[]]></system-err>
</testsuite>
