<?xml version="1.0" encoding="UTF-8"?>
<testsuite name="HammingTest" tests="9" skipped="7" failures="0" errors="0" timestamp="2020-11-21T17:55:24" hostname="LAPTOP-3HH76HUU" time="0.005">
  <properties/>
  <testcase name="testCompleteDistanceInSingleLetterDifferentStrands" classname="HammingTest" time="0.0">
    <skipped/>
  </testcase>
  <testcase name="testNoDistanceBetweenEmptyStrands" classname="HammingTest" time="0.002"/>
  <testcase name="testNoDistanceBetweenShortIdenticalStrands" classname="HammingTest" time="0.0"/>
  <testcase name="testDisallowLeftEmptyStrand" classname="HammingTest" time="0.0">
    <skipped/>
  </testcase>
  <testcase name="testDistanceInLongIdenticalStrands" classname="HammingTest" time="0.0">
    <skipped/>
  </testcase>
  <testcase name="testDisallowRightEmptyStrand" classname="HammingTest" time="0.0">
    <skipped/>
  </testcase>
  <testcase name="testDistanceInLongDifferentStrands" classname="HammingTest" time="0.0">
    <skipped/>
  </testcase>
  <testcase name="testValidatesFirstStrandNotLonger" classname="HammingTest" time="0.0">
    <skipped/>
  </testcase>
  <testcase name="testValidatesSecondStrandNotLonger" classname="HammingTest" time="0.001">
    <skipped/>
  </testcase>
  <system-out><![CDATA[]]></system-out>
  <system-err><![CDATA[]]></system-err>
</testsuite>
